[2019-05-2103:24:47 PM-redis2mysql.py-INFO:购物车总数:8972]
[2019-05-2103:24:47 PM-redis2mysql.py-INFO:登录用户购物车总数:8964]
[2019-05-2103:24:47 PM-redis2mysql.py-INFO:未登录用户购物车总数:8]
[2019-05-2103:24:48 PM-redis2mysql.py-INFO:购物车数量总数:79]
[2019-05-2103:24:48 PM-redis2mysql.py-INFO:迁移耗时:6.940139055252075]
[2019-05-2103:25:05 PM-redis2mysql.py-INFO:购物车总数:8972]
[2019-05-2103:25:05 PM-redis2mysql.py-INFO:登录用户购物车总数:8964]
[2019-05-2103:25:05 PM-redis2mysql.py-INFO:未登录用户购物车总数:8]
[2019-05-2103:25:06 PM-redis2mysql.py-INFO:购物车数量总数:79]
[2019-05-2103:25:06 PM-redis2mysql.py-INFO:迁移耗时:8.762424945831299]
[2019-05-2103:39:50 PM-redis2mysql.py-INFO:购物车总数:8972]
[2019-05-2103:39:50 PM-redis2mysql.py-INFO:登录用户购物车总数:8964]
[2019-05-2103:39:50 PM-redis2mysql.py-INFO:未登录用户购物车总数:8]
[2019-05-2103:39:51 PM-redis2mysql.py-INFO:购物车数量总数:79]
[2019-05-2103:39:51 PM-redis2mysql.py-INFO:迁移耗时:9.822398900985718]
[2019-05-3011:40:40 AM-redis2mysql.py-INFO:购物车总数:9209]
[2019-05-3011:40:40 AM-redis2mysql.py-INFO:登录用户购物车总数:9206]
[2019-05-3011:40:40 AM-redis2mysql.py-INFO:未登录用户购物车总数:3]
[2019-05-3011:40:41 AM-redis2mysql.py-INFO:购物车数量总数:92]
[2019-05-3011:40:41 AM-redis2mysql.py-INFO:迁移耗时:5.558786153793335]
[2019-05-3011:52:29 AM-redis2mysql.py-INFO:购物车总数:9209]
[2019-05-3011:52:29 AM-redis2mysql.py-INFO:登录用户购物车总数:9206]
[2019-05-3011:52:29 AM-redis2mysql.py-INFO:未登录用户购物车总数:3]
[2019-05-3011:52:30 AM-redis2mysql.py-INFO:购物车数量总数:92]
[2019-05-3011:52:30 AM-redis2mysql.py-INFO:迁移耗时:4.8697590827941895]
